KCPSM3 Assembler log file for program 'speech.psm'.
Generated by KCPSM3 version 1.30
Ken Chapman (Xilinx Ltd) 2005.
19Apr2021-;1:00:17

 Addr Code

 000                           ;; Define constants for all the ascii values.
 000                           CONSTANT ascii_SPACE, 20         ; ascii code
 000                           CONSTANT ascii_EXCLAIM, 21       ; ascii code
 000                           CONSTANT ascii_DBLQUOT, 22       ; ascii code
 000                           CONSTANT ascii_NUMSIGN, 23       ; ascii code
 000                           CONSTANT ascii_DOLLAR, 24        ; ascii code
 000                           CONSTANT ascii_PERCENT, 25       ; ascii code
 000                           CONSTANT ascii_AMP, 26           ; ascii code
 000                           CONSTANT ascii_SINQUOT, 27       ; ascii code
 000                           CONSTANT ascii_LPAREN, 28        ; ascii code
 000                           CONSTANT ascii_RPAREN, 29        ; ascii code
 000                           CONSTANT ascii_ASTERISK, 2A      ; ascii code
 000                           CONSTANT ascii_PLUS, 2B          ; ascii code
 000                           CONSTANT ascii_COMMA, 2C         ; ascii code
 000                           CONSTANT ascii_MINUS, 2D         ; ascii code
 000                           CONSTANT ascii_PERIOD, 2E        ; ascii code
 000                           CONSTANT ascii_FWDSLASH, 2F      ; ascii code
 000                           CONSTANT ascii_0, 30             ; ascii code
 000                           CONSTANT ascii_1, 31             ; ascii code
 000                           CONSTANT ascii_2, 32             ; ascii code
 000                           CONSTANT ascii_3, 33             ; ascii code
 000                           CONSTANT ascii_4, 34             ; ascii code
 000                           CONSTANT ascii_5, 35             ; ascii code
 000                           CONSTANT ascii_6, 36             ; ascii code
 000                           CONSTANT ascii_7, 37             ; ascii code
 000                           CONSTANT ascii_8, 38             ; ascii code
 000                           CONSTANT ascii_9, 39             ; ascii code
 000                           CONSTANT ascii_COLON, 3A         ; ascii code
 000                           CONSTANT ascii_SEMI, 3B          ; ascii code
 000                           CONSTANT ascii_LESS, 3C          ; ascii code
 000                           CONSTANT ascii_EQUAL, 3D         ; ascii code
 000                           CONSTANT ascii_GREATER, 3E       ; ascii code
 000                           CONSTANT ascii_QUESTION, 3F      ; ascii code
 000                           CONSTANT ascii_CIRCAT, 40        ; ascii code
 000                           CONSTANT ascii_A, 41             ; ascii code
 000                           CONSTANT ascii_B, 42             ; ascii code
 000                           CONSTANT ascii_C, 43             ; ascii code
 000                           CONSTANT ascii_D, 44             ; ascii code
 000                           CONSTANT ascii_E, 45             ; ascii code
 000                           CONSTANT ascii_F, 46             ; ascii code
 000                           CONSTANT ascii_G, 47             ; ascii code
 000                           CONSTANT ascii_H, 48             ; ascii code
 000                           CONSTANT ascii_I, 49             ; ascii code
 000                           CONSTANT ascii_J, 4A             ; ascii code
 000                           CONSTANT ascii_K, 4B             ; ascii code
 000                           CONSTANT ascii_L, 4C             ; ascii code
 000                           CONSTANT ascii_M, 4D             ; ascii code
 000                           CONSTANT ascii_N, 4E             ; ascii code
 000                           CONSTANT ascii_O, 4F             ; ascii code
 000                           CONSTANT ascii_P, 50             ; ascii code
 000                           CONSTANT ascii_Q, 51             ; ascii code
 000                           CONSTANT ascii_R, 52             ; ascii code
 000                           CONSTANT ascii_S, 53             ; ascii code
 000                           CONSTANT ascii_T, 54             ; ascii code
 000                           CONSTANT ascii_U, 55             ; ascii code
 000                           CONSTANT ascii_V, 56             ; ascii code
 000                           CONSTANT ascii_W, 57             ; ascii code
 000                           CONSTANT ascii_X, 58             ; ascii code
 000                           CONSTANT ascii_Y, 59             ; ascii code
 000                           CONSTANT ascii_Z, 5A             ; ascii code
 000                           CONSTANT ascii_LBKT, 5B          ; ascii code
 000                           CONSTANT ascii_BKSLASH, 5C       ; ascii code
 000                           CONSTANT ascii_RBKT, 5D          ; ascii code
 000                           CONSTANT ascii_CARET, 5E         ; ascii code
 000                           CONSTANT ascii_DASH, 5F          ; ascii code
 000                           CONSTANT ascii_TICK, 60          ; ascii code
 000                           CONSTANT ascii_a, 61             ; ascii code
 000                           CONSTANT ascii_b, 62             ; ascii code
 000                           CONSTANT ascii_c, 63             ; ascii code
 000                           CONSTANT ascii_d, 64             ; ascii code
 000                           CONSTANT ascii_e, 65             ; ascii code
 000                           CONSTANT ascii_f, 66             ; ascii code
 000                           CONSTANT ascii_g, 67             ; ascii code
 000                           CONSTANT ascii_h, 68             ; ascii code
 000                           CONSTANT ascii_i, 69             ; ascii code
 000                           CONSTANT ascii_j, 6A             ; ascii code
 000                           CONSTANT ascii_k, 6B             ; ascii code
 000                           CONSTANT ascii_l, 6C             ; ascii code
 000                           CONSTANT ascii_m, 6D             ; ascii code
 000                           CONSTANT ascii_n, 6E             ; ascii code
 000                           CONSTANT ascii_o, 6F             ; ascii code
 000                           CONSTANT ascii_p, 70             ; ascii code
 000                           CONSTANT ascii_q, 71             ; ascii code
 000                           CONSTANT ascii_r, 72             ; ascii code
 000                           CONSTANT ascii_s, 73             ; ascii code
 000                           CONSTANT ascii_t, 74             ; ascii code
 000                           CONSTANT ascii_u, 75             ; ascii code
 000                           CONSTANT ascii_v, 76             ; ascii code
 000                           CONSTANT ascii_w, 77             ; ascii code
 000                           CONSTANT ascii_x, 78             ; ascii code
 000                           CONSTANT ascii_y, 79             ; ascii code
 000                           CONSTANT ascii_z, 7A             ; ascii code
 000                           CONSTANT ascii_LBRACE, 7B        ; ascii code
 000                           CONSTANT ascii_VBAR, 7C          ; ascii code
 000                           CONSTANT ascii_RBRACE, 7D        ; ascii code
 000                           CONSTANT ascii_TILDE, 7E         ; ascii code
 000                           CONSTANT ascii_ULINE, 7F         ; ascii code
 000                           ;; Define constants for all the phoneme values.
 000                           CONSTANT phoneme_PA1, 00         ; phoneme code
 000                           CONSTANT phoneme_PA2, 01         ; phoneme code
 000                           CONSTANT phoneme_PA3, 02         ; phoneme code
 000                           CONSTANT phoneme_PA4, 03         ; phoneme code
 000                           CONSTANT phoneme_PA5, 04         ; phoneme code
 000                           CONSTANT phoneme_OY, 05          ; phoneme code
 000                           CONSTANT phoneme_AY, 06          ; phoneme code
 000                           CONSTANT phoneme_EH, 07          ; phoneme code
 000                           CONSTANT phoneme_KK3, 08         ; phoneme code
 000                           CONSTANT phoneme_PP, 09          ; phoneme code
 000                           CONSTANT phoneme_JH, 0A          ; phoneme code
 000                           CONSTANT phoneme_NN1, 0B         ; phoneme code
 000                           CONSTANT phoneme_IH, 0C          ; phoneme code
 000                           CONSTANT phoneme_TT2, 0D         ; phoneme code
 000                           CONSTANT phoneme_RR1, 0E         ; phoneme code
 000                           CONSTANT phoneme_AX, 0F          ; phoneme code
 000                           CONSTANT phoneme_MM, 10          ; phoneme code
 000                           CONSTANT phoneme_TT1, 11         ; phoneme code
 000                           CONSTANT phoneme_DH1, 12         ; phoneme code
 000                           CONSTANT phoneme_IY, 13          ; phoneme code
 000                           CONSTANT phoneme_EY, 14          ; phoneme code
 000                           CONSTANT phoneme_DD1, 15         ; phoneme code
 000                           CONSTANT phoneme_UW1, 16         ; phoneme code
 000                           CONSTANT phoneme_AO, 17          ; phoneme code
 000                           CONSTANT phoneme_AA, 18          ; phoneme code
 000                           CONSTANT phoneme_YY2, 19         ; phoneme code
 000                           CONSTANT phoneme_AE, 1A          ; phoneme code
 000                           CONSTANT phoneme_HH1, 1B         ; phoneme code
 000                           CONSTANT phoneme_BB1, 1C         ; phoneme code
 000                           CONSTANT phoneme_TH, 1D          ; phoneme code
 000                           CONSTANT phoneme_UH, 1E          ; phoneme code
 000                           CONSTANT phoneme_UW2, 1F         ; phoneme code
 000                           CONSTANT phoneme_AW, 20          ; phoneme code
 000                           CONSTANT phoneme_DD2, 21         ; phoneme code
 000                           CONSTANT phoneme_GG3, 22         ; phoneme code
 000                           CONSTANT phoneme_VV, 23          ; phoneme code
 000                           CONSTANT phoneme_GG1, 24         ; phoneme code
 000                           CONSTANT phoneme_SH, 25          ; phoneme code
 000                           CONSTANT phoneme_ZH, 26          ; phoneme code
 000                           CONSTANT phoneme_RR2, 27         ; phoneme code
 000                           CONSTANT phoneme_FF, 28          ; phoneme code
 000                           CONSTANT phoneme_KK2, 29         ; phoneme code
 000                           CONSTANT phoneme_KK1, 2A         ; phoneme code
 000                           CONSTANT phoneme_ZZ, 2B          ; phoneme code
 000                           CONSTANT phoneme_NG, 2C          ; phoneme code
 000                           CONSTANT phoneme_LL, 2D          ; phoneme code
 000                           CONSTANT phoneme_WW, 2E          ; phoneme code
 000                           CONSTANT phoneme_XR, 2F          ; phoneme code
 000                           CONSTANT phoneme_WH, 30          ; phoneme code
 000                           CONSTANT phoneme_YY1, 31         ; phoneme code
 000                           CONSTANT phoneme_CH, 32          ; phoneme code
 000                           CONSTANT phoneme_ER1, 33         ; phoneme code
 000                           CONSTANT phoneme_ER2, 34         ; phoneme code
 000                           CONSTANT phoneme_OW, 35          ; phoneme code
 000                           CONSTANT phoneme_DH2, 36         ; phoneme code
 000                           CONSTANT phoneme_SS, 37          ; phoneme code
 000                           CONSTANT phoneme_NN2, 38         ; phoneme code
 000                           CONSTANT phoneme_HH2, 39         ; phoneme code
 000                           CONSTANT phoneme_OR, 3A          ; phoneme code
 000                           CONSTANT phoneme_AR, 3B          ; phoneme code
 000                           CONSTANT phoneme_YR, 3C          ; phoneme code
 000                           CONSTANT phoneme_GG2, 3D         ; phoneme code
 000                           CONSTANT phoneme_EL, 3E          ; phoneme code
 000                           CONSTANT phoneme_BB2, 3F         ; phoneme code
 000                           ;INPUTS
 000                           CONSTANT input_data, 40
 000                           CONSTANT start_phoneme_flag, 00
 000                           CONSTANT start_word_flag, 02
 000                           ;OUTPUTS
 000                           CONSTANT phoneme_out, 80
 000                           CONSTANT done_phoneme_flag, 01
 000                           CONSTANT done_word_flag, 10
 000                           ;;============================================================================
 000                           ;; Infinite loop.
 000                           ;;============================================================================
 000                           ;REGISTER USE
 000                           ; s8 = IN input EQUALS (8 bits)
 000                           ; s7 = IN input DIGIT 2 ascii
 000                           ; s6 = IN input OPERATION (8 bits)
 000                           ; s3 = IN input DIGIT 1 ascii, FINAL RESULT (8 bits)
 000                           ; s5 = IN new input received flag
 000                           ; s4 = OUT done audio output flag
 000                           ; s0 - s2 = say_phoneme subroutine use
 000               cold_start: 
 000  34006                    JUMP get_digit_1[006]            ;loop
 001               done_audio: 
 001  00401                    LOAD s4, 01                      ;done flag
 002  2C410                    OUTPUT s4, done_word_flag[10]
 003  00400                    LOAD s4, 00                      ;reset done flag
 004  2C410                    OUTPUT s4, done_word_flag[10]
 005  2A000                    RETURN                           ;loop to cold_start
 006              get_digit_1: 
 006  04502                    INPUT s5, start_word_flag[02]    ;wait for start flag, key stroke entered
 007  14501                    COMPARE s5, 01
 008  35406                    JUMP NZ, get_digit_1[006]
 009  04340                    INPUT s3, input_data[40]         ;get input data
 00A  14330                    COMPARE s3, ascii_0[30]          ;if zero flag set (input s3 == ascii 0)
 00B  3109D                    CALL Z, talkword0[09D]           ;output phoneme + done audio
 00C  3502A                    JUMP Z, get_operation[02A]
 00D  14331                    COMPARE s3, ascii_1[31]
 00E  310A3                    CALL Z, talkword1[0A3]
 00F  3502A                    JUMP Z, get_operation[02A]
 010  14332                    COMPARE s3, ascii_2[32]
 011  310A8                    CALL Z, talkword2[0A8]
 012  3502A                    JUMP Z, get_operation[02A]
 013  14333                    COMPARE s3, ascii_3[33]
 014  310AC                    CALL Z, talkword3[0AC]
 015  3502A                    JUMP Z, get_operation[02A]
 016  14334                    COMPARE s3, ascii_4[34]
 017  310B1                    CALL Z, talkword4[0B1]
 018  3502A                    JUMP Z, get_operation[02A]
 019  14335                    COMPARE s3, ascii_5[35]
 01A  310B5                    CALL Z, talkword5[0B5]
 01B  3502A                    JUMP Z, get_operation[02A]
 01C  14336                    COMPARE s3, ascii_6[36]
 01D  310BA                    CALL Z, talkword6[0BA]
 01E  3502A                    JUMP Z, get_operation[02A]
 01F  14337                    COMPARE s3, ascii_7[37]
 020  310C1                    CALL Z, talkword7[0C1]
 021  3502A                    JUMP Z, get_operation[02A]
 022  14338                    COMPARE s3, ascii_8[38]
 023  310C8                    CALL Z, talkword8[0C8]
 024  3502A                    JUMP Z, get_operation[02A]
 025  14339                    COMPARE s3, ascii_9[39]
 026  310CB                    CALL Z, talkword9[0CB]
 027  3502A                    JUMP Z, get_operation[02A]
 028  30114                    CALL talkworderror[114]          ;else output error
 029  34000                    JUMP cold_start[000]             ;loop
 02A            get_operation: 
 02A  04502                    INPUT s5, start_word_flag[02]    ;wait for start flag, key stroke entered
 02B  14501                    COMPARE s5, 01
 02C  3542A                    JUMP NZ, get_operation[02A]      ;loop
 02D  04640                    INPUT s6, input_data[40]         ;get input data
 02E  1462D                    COMPARE s6, ascii_MINUS[2D]
 02F  31100                    CALL Z, talkwordminus[100]
 030  35036                    JUMP Z, get_digit_2[036]
 031  1462B                    COMPARE s6, ascii_PLUS[2B]
 032  310F8                    CALL Z, talkwordplus[0F8]
 033  35036                    JUMP Z, get_digit_2[036]
 034  30114                    CALL talkworderror[114]          ;else output error
 035  3402A                    JUMP get_operation[02A]
 036              get_digit_2: 
 036  04502                    INPUT s5, start_word_flag[02]    ;wait for start flag, key stroke entered
 037  14501                    COMPARE s5, 01
 038  35436                    JUMP NZ, get_digit_2[036]        ;loop
 039  04740                    INPUT s7, input_data[40]         ;get input data
 03A  14730                    COMPARE s7, ascii_0[30]          ;if zero flag set (input s3 == ascii 0)
 03B  3109D                    CALL Z, talkword0[09D]
 03C  3505A                    JUMP Z, get_equal[05A]
 03D  14731                    COMPARE s7, ascii_1[31]
 03E  310A3                    CALL Z, talkword1[0A3]
 03F  3505A                    JUMP Z, get_equal[05A]
 040  14732                    COMPARE s7, ascii_2[32]
 041  310A8                    CALL Z, talkword2[0A8]
 042  3505A                    JUMP Z, get_equal[05A]
 043  14733                    COMPARE s7, ascii_3[33]
 044  310AC                    CALL Z, talkword3[0AC]
 045  3505A                    JUMP Z, get_equal[05A]
 046  14734                    COMPARE s7, ascii_4[34]
 047  310B1                    CALL Z, talkword4[0B1]
 048  3505A                    JUMP Z, get_equal[05A]
 049  14735                    COMPARE s7, ascii_5[35]
 04A  310B5                    CALL Z, talkword5[0B5]
 04B  3505A                    JUMP Z, get_equal[05A]
 04C  14736                    COMPARE s7, ascii_6[36]
 04D  310BA                    CALL Z, talkword6[0BA]
 04E  3505A                    JUMP Z, get_equal[05A]
 04F  14737                    COMPARE s7, ascii_7[37]
 050  310C1                    CALL Z, talkword7[0C1]
 051  3505A                    JUMP Z, get_equal[05A]
 052  14738                    COMPARE s7, ascii_8[38]
 053  310C8                    CALL Z, talkword8[0C8]
 054  3505A                    JUMP Z, get_equal[05A]
 055  14739                    COMPARE s7, ascii_9[39]
 056  310CB                    CALL Z, talkword9[0CB]
 057  3505A                    JUMP Z, get_equal[05A]
 058  30114                    CALL talkworderror[114]          ;else output error
 059  34036                    JUMP get_digit_2[036]
 05A                get_equal: 
 05A  04502                    INPUT s5, start_word_flag[02]    ;wait for start flag, key stroke entered
 05B  14501                    COMPARE s5, 01
 05C  3545A                    JUMP NZ, get_equal[05A]          ;loop
 05D  04840                    INPUT s8, input_data[40]         ;get input data
 05E  1483D                    COMPARE s8, ascii_EQUAL[3D]
 05F  3110A                    CALL Z, talkwordequals[10A]
 060  35063                    JUMP Z, calculate[063]
 061  30114                    CALL talkworderror[114]          ;else output error
 062  3405A                    JUMP get_equal[05A]
 063                calculate: ; s3 +/- s7
 063  1462D                    COMPARE s6, ascii_MINUS[2D]
 064  35068                    JUMP Z, op_minus[068]            ;minus operation
 065                  op_plus: ;plus operation
 065  19370                    ADD s3, s7
 066  1C360                    SUB s3, 60                       ;sub 60 from total to get hex sum, not ascii
 067  3406F                    JUMP result[06F]
 068                 op_minus: 
 068  1D370                    SUB s3, s7
 069  14380                    COMPARE s3, 80                   ;check left bit for negative
 06A  3586F                    JUMP C, result[06F]              ;if positive, get result
 06B  30100                    CALL talkwordminus[100]          ;else call talkwordminus
 06C  0E3FF                    XOR s3, FF                       ;take complement & abs value
 06D  18301                    ADD s3, 01
 06E  3406F                    JUMP result[06F]
 06F                   result: 
 06F  14300                    COMPARE s3, 00                   ;if zero flag set (input s3 == ascii 0)
 070  3109D                    CALL Z, talkword0[09D]
 071  14301                    COMPARE s3, 01
 072  310A3                    CALL Z, talkword1[0A3]
 073  14302                    COMPARE s3, 02
 074  310A8                    CALL Z, talkword2[0A8]
 075  14303                    COMPARE s3, 03
 076  310AC                    CALL Z, talkword3[0AC]
 077  14304                    COMPARE s3, 04
 078  310B1                    CALL Z, talkword4[0B1]
 079  14305                    COMPARE s3, 05
 07A  310B5                    CALL Z, talkword5[0B5]
 07B  14306                    COMPARE s3, 06
 07C  310BA                    CALL Z, talkword6[0BA]
 07D  14307                    COMPARE s3, 07
 07E  310C1                    CALL Z, talkword7[0C1]
 07F  14308                    COMPARE s3, 08
 080  310C8                    CALL Z, talkword8[0C8]
 081  14309                    COMPARE s3, 09
 082  310CB                    CALL Z, talkword9[0CB]
 083  1430A                    COMPARE s3, 0A
 084  310D0                    CALL Z, talkword10[0D0]
 085  1430B                    COMPARE s3, 0B
 086  310D5                    CALL Z, talkword11[0D5]
 087  1430C                    COMPARE s3, 0C
 088  310DD                    CALL Z, talkword12[0DD]
 089  1430D                    COMPARE s3, 0D
 08A  310E4                    CALL Z, talkword13[0E4]
 08B  1430E                    COMPARE s3, 0E
 08C  310EC                    CALL Z, talkword14[0EC]
 08D  1430F                    COMPARE s3, 0F
 08E  310EE                    CALL Z, talkword15[0EE]
 08F  14310                    COMPARE s3, 10
 090  310F2                    CALL Z, talkword16[0F2]
 091  14311                    COMPARE s3, 11
 092  310F4                    CALL Z, talkword17[0F4]
 093  14312                    COMPARE s3, 12
 094  310F6                    CALL Z, talkword18[0F6]
 095  34096                    JUMP reset[096]
 096                    reset: 
 096  00300                    LOAD s3, 00
 097  00400                    LOAD s4, 00
 098  00500                    LOAD s5, 00
 099  00600                    LOAD s6, 00
 09A  00700                    LOAD s7, 00
 09B  00800                    LOAD s8, 00
 09C  34000                    JUMP cold_start[000]
 09D                           ;;============================================================================
 09D                           ;; Test message and phoneme voicing subroutine.
 09D                           ;;============================================================================
 09D                           ;================================================
 09D                talkword0: 
 09D  3021F                    CALL talkphonemeZZ[21F]
 09E  301C7                    CALL talkphonemeEH[1C7]
 09F  301FD                    CALL talkphonemeRR2[1FD]
 0A0  301F5                    CALL talkphonemeOW[1F5]
 0A1  30001                    CALL done_audio[001]
 0A2  2A000                    RETURN
 0A3                talkword1: 
 0A3  30213                    CALL talkphonemeWW[213]
 0A4  301AF                    CALL talkphonemeAO[1AF]
 0A5  301EF                    CALL talkphonemeNN1[1EF]
 0A6  30001                    CALL done_audio[001]
 0A7  2A000                    RETURN
 0A8                talkword2: 
 0A8  30207                    CALL talkphonemeTT2[207]
 0A9  3020D                    CALL talkphonemeUW2[20D]
 0AA  30001                    CALL done_audio[001]
 0AB  2A000                    RETURN
 0AC                talkword3: 
 0AC  30203                    CALL talkphonemeTH[203]
 0AD  301FD                    CALL talkphonemeRR2[1FD]
 0AE  301DF                    CALL talkphonemeIY[1DF]
 0AF  30001                    CALL done_audio[001]
 0B0  2A000                    RETURN
 0B1                talkword4: 
 0B1  301D1                    CALL talkphonemeFF[1D1]
 0B2  301F3                    CALL talkphonemeOR[1F3]
 0B3  30001                    CALL done_audio[001]
 0B4  2A000                    RETURN
 0B5                talkword5: 
 0B5  301D1                    CALL talkphonemeFF[1D1]
 0B6  301B7                    CALL talkphonemeAY[1B7]
 0B7  3020F                    CALL talkphonemeVV[20F]
 0B8  30001                    CALL done_audio[001]
 0B9  2A000                    RETURN
 0BA                talkword6: 
 0BA  30201                    CALL talkphonemeSS[201]
 0BB  301DD                    CALL talkphonemeIH[1DD]
 0BC  301E5                    CALL talkphonemeKK2[1E5]
 0BD  30201                    CALL talkphonemeSS[201]
 0BE  30201                    CALL talkphonemeSS[201]
 0BF  30001                    CALL done_audio[001]
 0C0  2A000                    RETURN
 0C1                talkword7: 
 0C1  30201                    CALL talkphonemeSS[201]
 0C2  301C7                    CALL talkphonemeEH[1C7]
 0C3  3020F                    CALL talkphonemeVV[20F]
 0C4  301B5                    CALL talkphonemeAX[1B5]
 0C5  301EF                    CALL talkphonemeNN1[1EF]
 0C6  30001                    CALL done_audio[001]
 0C7  2A000                    RETURN
 0C8                talkword8: 
 0C8  301CF                    CALL talkphonemeEY[1CF]
 0C9  30205                    CALL talkphonemeTT1[205]
 0CA                           ;call  done_audio
 0CA  2A000                    RETURN
 0CB                talkword9: 
 0CB  301F1                    CALL talkphonemeNN2[1F1]
 0CC  301B7                    CALL talkphonemeAY[1B7]
 0CD  301EF                    CALL talkphonemeNN1[1EF]
 0CE  30001                    CALL done_audio[001]
 0CF  2A000                    RETURN
 0D0               talkword10: 
 0D0  30207                    CALL talkphonemeTT2[207]
 0D1  301C7                    CALL talkphonemeEH[1C7]
 0D2  301EF                    CALL talkphonemeNN1[1EF]
 0D3  30001                    CALL done_audio[001]
 0D4  2A000                    RETURN
 0D5               talkword11: 
 0D5  301DD                    CALL talkphonemeIH[1DD]
 0D6  301E9                    CALL talkphonemeLL[1E9]
 0D7  301C7                    CALL talkphonemeEH[1C7]
 0D8  3020F                    CALL talkphonemeVV[20F]
 0D9  301C7                    CALL talkphonemeEH[1C7]
 0DA  301EF                    CALL talkphonemeNN1[1EF]
 0DB  30001                    CALL done_audio[001]
 0DC  2A000                    RETURN
 0DD               talkword12: 
 0DD  30207                    CALL talkphonemeTT2[207]
 0DE  30213                    CALL talkphonemeWW[213]
 0DF  301C7                    CALL talkphonemeEH[1C7]
 0E0  301C9                    CALL talkphonemeEL[1C9]
 0E1  3020F                    CALL talkphonemeVV[20F]
 0E2  30001                    CALL done_audio[001]
 0E3  2A000                    RETURN
 0E4               talkword13: 
 0E4  30203                    CALL talkphonemeTH[203]
 0E5  301CD                    CALL talkphonemeER2[1CD]
 0E6  340E7                    JUMP talkwordteen[0E7]
 0E7             talkwordteen: 
 0E7  30207                    CALL talkphonemeTT2[207]
 0E8  301DF                    CALL talkphonemeIY[1DF]
 0E9  301EF                    CALL talkphonemeNN1[1EF]
 0EA  30001                    CALL done_audio[001]
 0EB  2A000                    RETURN
 0EC               talkword14: 
 0EC  300B1                    CALL talkword4[0B1]
 0ED  340E7                    JUMP talkwordteen[0E7]
 0EE               talkword15: 
 0EE  301D1                    CALL talkphonemeFF[1D1]
 0EF  301DD                    CALL talkphonemeIH[1DD]
 0F0  301D1                    CALL talkphonemeFF[1D1]
 0F1  340E7                    JUMP talkwordteen[0E7]
 0F2               talkword16: 
 0F2  300BA                    CALL talkword6[0BA]
 0F3  340E7                    JUMP talkwordteen[0E7]
 0F4               talkword17: 
 0F4  300C1                    CALL talkword7[0C1]
 0F5  340E7                    JUMP talkwordteen[0E7]
 0F6               talkword18: 
 0F6  300C8                    CALL talkword8[0C8]
 0F7  340E7                    JUMP talkwordteen[0E7]
 0F8             talkwordplus: 
 0F8  301F9                    CALL talkphonemePP[1F9]
 0F9  301E9                    CALL talkphonemeLL[1E9]
 0FA  301B5                    CALL talkphonemeAX[1B5]
 0FB  301B5                    CALL talkphonemeAX[1B5]
 0FC  30201                    CALL talkphonemeSS[201]
 0FD  30201                    CALL talkphonemeSS[201]
 0FE  30001                    CALL done_audio[001]
 0FF  2A000                    RETURN
 100            talkwordminus: 
 100  301EB                    CALL talkphonemeMM[1EB]
 101  301B7                    CALL talkphonemeAY[1B7]
 102  301EF                    CALL talkphonemeNN1[1EF]
 103  301DD                    CALL talkphonemeIH[1DD]
 104  301B5                    CALL talkphonemeAX[1B5]
 105  301B5                    CALL talkphonemeAX[1B5]
 106  30201                    CALL talkphonemeSS[201]
 107  30201                    CALL talkphonemeSS[201]
 108  30001                    CALL done_audio[001]
 109  2A000                    RETURN
 10A           talkwordequals: 
 10A  301DF                    CALL talkphonemeIY[1DF]
 10B  30223                    CALL talkphonemePA2[223]
 10C  30225                    CALL talkphonemePA3[225]
 10D  301E7                    CALL talkphonemeKK3[1E7]
 10E  30211                    CALL talkphonemeWH[211]
 10F  301B5                    CALL talkphonemeAX[1B5]
 110  301C9                    CALL talkphonemeEL[1C9]
 111  3021F                    CALL talkphonemeZZ[21F]
 112  30001                    CALL done_audio[001]
 113  2A000                    RETURN
 114            talkworderror: 
 114  301C7                    CALL talkphonemeEH[1C7]
 115  30215                    CALL talkphonemeXR[215]
 116  301F3                    CALL talkphonemeOR[1F3]
 117  30001                    CALL done_audio[001]
 118  2A000                    RETURN
 119                           ;=====================================================
 119               talkword19: 
 119  300CB                    CALL talkword9[0CB]
 11A  340E7                    JUMP talkwordteen[0E7]
 11B               talkword20: 
 11B  30207                    CALL talkphonemeTT2[207]
 11C  30213                    CALL talkphonemeWW[213]
 11D  301C7                    CALL talkphonemeEH[1C7]
 11E  301EF                    CALL talkphonemeNN1[1EF]
 11F               talkwordty: 
 11F  30207                    CALL talkphonemeTT2[207]
 120  301DF                    CALL talkphonemeIY[1DF]
 121  2A000                    RETURN
 122               talkword30: 
 122  30203                    CALL talkphonemeTH[203]
 123  301CB                    CALL talkphonemeER1[1CB]
 124  3411F                    JUMP talkwordty[11F]
 125               talkword40: 
 125  300B1                    CALL talkword4[0B1]
 126  3411F                    JUMP talkwordty[11F]
 127               talkword50: 
 127  301D1                    CALL talkphonemeFF[1D1]
 128  301DD                    CALL talkphonemeIH[1DD]
 129  301D1                    CALL talkphonemeFF[1D1]
 12A  3411F                    JUMP talkwordty[11F]
 12B               talkword60: 
 12B  300BA                    CALL talkword6[0BA]
 12C  3411F                    JUMP talkwordty[11F]
 12D               talkword70: 
 12D  300C1                    CALL talkword7[0C1]
 12E  3411F                    JUMP talkwordty[11F]
 12F               talkword80: 
 12F  300C8                    CALL talkword8[0C8]
 130  3411F                    JUMP talkwordty[11F]
 131               talkword90: 
 131  300CB                    CALL talkword9[0CB]
 132  3411F                    JUMP talkwordty[11F]
 133          talkwordhundred: 
 133  301DB                    CALL talkphonemeHH2[1DB]
 134  301B5                    CALL talkphonemeAX[1B5]
 135  301EF                    CALL talkphonemeNN1[1EF]
 136  301C1                    CALL talkphonemeDD2[1C1]
 137  301FD                    CALL talkphonemeRR2[1FD]
 138  301BF                    CALL talkphonemeDD1[1BF]
 139  2A000                    RETURN
 13A            talkworddepth: 
 13A  301C1                    CALL talkphonemeDD2[1C1]
 13B  301C7                    CALL talkphonemeEH[1C7]
 13C  301C7                    CALL talkphonemeEH[1C7]
 13D  301F9                    CALL talkphonemePP[1F9]
 13E  30203                    CALL talkphonemeTH[203]
 13F  341A0                    JUMP endword[1A0]
 140            talkwordpoint: 
 140  301F9                    CALL talkphonemePP[1F9]
 141  301F7                    CALL talkphonemeOY[1F7]
 142  30205                    CALL talkphonemeTT1[205]
 143  341A0                    JUMP endword[1A0]
 144           talkwordanchor: 
 144  301CF                    CALL talkphonemeEY[1CF]
 145  301E7                    CALL talkphonemeKK3[1E7]
 146  301AD                    CALL talkphonemeAE[1AD]
 147  341A0                    JUMP endword[1A0]
 148            talkwordalarm: 
 148  301AD                    CALL talkphonemeAE[1AD]
 149  301E9                    CALL talkphonemeLL[1E9]
 14A  301B1                    CALL talkphonemeAR[1B1]
 14B  301EB                    CALL talkphonemeMM[1EB]
 14C  341A0                    JUMP endword[1A0]
 14D               talkwordon: 
 14D  301AF                    CALL talkphonemeAO[1AF]
 14E  301ED                    CALL talkphonemeNG[1ED]
 14F  341A0                    JUMP endword[1A0]
 150              talkwordoff: 
 150  301AF                    CALL talkphonemeAO[1AF]
 151  301D1                    CALL talkphonemeFF[1D1]
 152  301D1                    CALL talkphonemeFF[1D1]
 153  341A0                    JUMP endword[1A0]
 154          talkwordshallow: 
 154  301FF                    CALL talkphonemeSH[1FF]
 155  301AD                    CALL talkphonemeAE[1AD]
 156  301E9                    CALL talkphonemeLL[1E9]
 157  301F5                    CALL talkphonemeOW[1F5]
 158  341A0                    JUMP endword[1A0]
 159              talkwordand: 
 159  301DD                    CALL talkphonemeIH[1DD]
 15A  301DD                    CALL talkphonemeIH[1DD]
 15B  301EF                    CALL talkphonemeNN1[1EF]
 15C  301C1                    CALL talkphonemeDD2[1C1]
 15D  341A0                    JUMP endword[1A0]
 15E            talkwordwatch: 
 15E  30213                    CALL talkphonemeWW[213]
 15F  301AF                    CALL talkphonemeAO[1AF]
 160  30205                    CALL talkphonemeTT1[205]
 161  301BD                    CALL talkphonemeCH[1BD]
 162  341A0                    JUMP endword[1A0]
 163            talkwordlimit: 
 163  301E9                    CALL talkphonemeLL[1E9]
 164  301DD                    CALL talkphonemeIH[1DD]
 165  301EB                    CALL talkphonemeMM[1EB]
 166  301DD                    CALL talkphonemeIH[1DD]
 167  30205                    CALL talkphonemeTT1[205]
 168  341A0                    JUMP endword[1A0]
 169              talkwordset: 
 169  30201                    CALL talkphonemeSS[201]
 16A  30201                    CALL talkphonemeSS[201]
 16B  301C7                    CALL talkphonemeEH[1C7]
 16C  30207                    CALL talkphonemeTT2[207]
 16D  341A0                    JUMP endword[1A0]
 16E          talkwordheading: 
 16E  301D9                    CALL talkphonemeHH1[1D9]
 16F  301C7                    CALL talkphonemeEH[1C7]
 170  301C1                    CALL talkphonemeDD2[1C1]
 171  301DD                    CALL talkphonemeIH[1DD]
 172  301ED                    CALL talkphonemeNG[1ED]
 173  341A0                    JUMP endword[1A0]
 174              talkwordgps: 
 174  301E1                    CALL talkphonemeJH[1E1]
 175  301DF                    CALL talkphonemeIY[1DF]
 176  301F9                    CALL talkphonemePP[1F9]
 177  301DF                    CALL talkphonemeIY[1DF]
 178  301C7                    CALL talkphonemeEH[1C7]
 179  30201                    CALL talkphonemeSS[201]
 17A  30201                    CALL talkphonemeSS[201]
 17B  341A0                    JUMP endword[1A0]
 17C               talkwordno: 
 17C  301F1                    CALL talkphonemeNN2[1F1]
 17D  301F5                    CALL talkphonemeOW[1F5]
 17E  341A0                    JUMP endword[1A0]
 17F             talkworddata: 
 17F  301C1                    CALL talkphonemeDD2[1C1]
 180  301CF                    CALL talkphonemeEY[1CF]
 181  30207                    CALL talkphonemeTT2[207]
 182  301B5                    CALL talkphonemeAX[1B5]
 183  341A0                    JUMP endword[1A0]
 184            talkwordnorth: 
 184  301F1                    CALL talkphonemeNN2[1F1]
 185  301F3                    CALL talkphonemeOR[1F3]
 186  301D9                    CALL talkphonemeHH1[1D9]
 187  341A0                    JUMP endword[1A0]
 188            talkwordsouth: 
 188  30201                    CALL talkphonemeSS[201]
 189  30201                    CALL talkphonemeSS[201]
 18A  301B3                    CALL talkphonemeAW[1B3]
 18B  30203                    CALL talkphonemeTH[203]
 18C  30203                    CALL talkphonemeTH[203]
 18D  341A0                    JUMP endword[1A0]
 18E             talkwordeast: 
 18E  301DF                    CALL talkphonemeIY[1DF]
 18F  30201                    CALL talkphonemeSS[201]
 190  30201                    CALL talkphonemeSS[201]
 191  30207                    CALL talkphonemeTT2[207]
 192  341A0                    JUMP endword[1A0]
 193             talkwordwest: 
 193  30213                    CALL talkphonemeWW[213]
 194  301C7                    CALL talkphonemeEH[1C7]
 195  30201                    CALL talkphonemeSS[201]
 196  30201                    CALL talkphonemeSS[201]
 197  30207                    CALL talkphonemeTT2[207]
 198  341A0                    JUMP endword[1A0]
 199         talkwordposition: 
 199  301F9                    CALL talkphonemePP[1F9]
 19A  301DD                    CALL talkphonemeIH[1DD]
 19B  3021F                    CALL talkphonemeZZ[21F]
 19C  301DD                    CALL talkphonemeIH[1DD]
 19D  301FF                    CALL talkphonemeSH[1FF]
 19E  301EF                    CALL talkphonemeNN1[1EF]
 19F  341A0                    JUMP endword[1A0]
 1A0                  endword: 
 1A0  30229                    CALL talkphonemePA5[229]
 1A1  2A000                    RETURN
 1A2              say_phoneme: 
 1A2                           ;make sure  to complete this subroutine in order for the synthesizer to work
 1A2                           ;LOAD s2, 01
 1A2  04100                    INPUT s1, start_phoneme_flag[00] ;check if start routine
 1A3  14101                    COMPARE s1, 01
 1A4  355A2                    JUMP NZ, say_phoneme[1A2]
 1A5  2C080                    OUTPUT s0, phoneme_out[80]
 1A6  00201                    LOAD s2, 01
 1A7  2C201                    OUTPUT s2, done_phoneme_flag[01]
 1A8  00200                    LOAD s2, 00
 1A9  2C201                    OUTPUT s2, done_phoneme_flag[01]
 1AA  2A000                    RETURN
 1AB            talkphonemeAA: ; hOt
 1AB  00018                    LOAD s0, phoneme_AA[18]          ; can be doubled
 1AC  341A2                    JUMP say_phoneme[1A2]
 1AD            talkphonemeAE: ; hAt
 1AD  0001A                    LOAD s0, phoneme_AE[1A]          ; can be doubled
 1AE  341A2                    JUMP say_phoneme[1A2]
 1AF            talkphonemeAO: ; AUght
 1AF  00017                    LOAD s0, phoneme_AO[17]          ; can be doubled
 1B0  341A2                    JUMP say_phoneme[1A2]
 1B1            talkphonemeAR: ; alARm
 1B1  0003B                    LOAD s0, phoneme_AR[3B]
 1B2  341A2                    JUMP say_phoneme[1A2]
 1B3            talkphonemeAW: ; dOWn
 1B3  00020                    LOAD s0, phoneme_AW[20]
 1B4  341A2                    JUMP say_phoneme[1A2]
 1B5            talkphonemeAX: ; sUceed
 1B5  0000F                    LOAD s0, phoneme_AX[0F]          ; can be doubled
 1B6  341A2                    JUMP say_phoneme[1A2]
 1B7            talkphonemeAY: ; kIte
 1B7  00006                    LOAD s0, phoneme_AY[06]
 1B8  341A2                    JUMP say_phoneme[1A2]
 1B9           talkphonemeBB1: ; riB
 1B9  0001C                    LOAD s0, phoneme_BB1[1C]         ; usually preceed with 10-30 mS silence
 1BA  341A2                    JUMP say_phoneme[1A2]
 1BB           talkphonemeBB2: ; Beast
 1BB  0003F                    LOAD s0, phoneme_BB2[3F]         ; usually preceed with 10-30 mS silence
 1BC  341A2                    JUMP say_phoneme[1A2]
 1BD            talkphonemeCH: ; CHurCH
 1BD  00032                    LOAD s0, phoneme_CH[32]
 1BE  341A2                    JUMP say_phoneme[1A2]
 1BF           talkphonemeDD1: ; enD
 1BF  00015                    LOAD s0, phoneme_DD1[15]         ; usually preceed with 10-30 mS silence
 1C0  341A2                    JUMP say_phoneme[1A2]
 1C1           talkphonemeDD2: ; Down
 1C1  00021                    LOAD s0, phoneme_DD2[21]         ; usually preceed with 10-30 mS silence
 1C2  341A2                    JUMP say_phoneme[1A2]
 1C3           talkphonemeDH1: ; THis
 1C3  00012                    LOAD s0, phoneme_DH1[12]
 1C4  341A2                    JUMP say_phoneme[1A2]
 1C5           talkphonemeDH2: ; baTHe
 1C5  00036                    LOAD s0, phoneme_DH2[36]
 1C6  341A2                    JUMP say_phoneme[1A2]
 1C7            talkphonemeEH: ; End
 1C7  00007                    LOAD s0, phoneme_EH[07]          ; can be doubled
 1C8  341A2                    JUMP say_phoneme[1A2]
 1C9            talkphonemeEL: ; angLE
 1C9  0003E                    LOAD s0, phoneme_EL[3E]
 1CA  341A2                    JUMP say_phoneme[1A2]
 1CB           talkphonemeER1: ; lettER
 1CB  00033                    LOAD s0, phoneme_ER1[33]
 1CC  341A2                    JUMP say_phoneme[1A2]
 1CD           talkphonemeER2: ; fERn
 1CD  00034                    LOAD s0, phoneme_ER2[34]
 1CE  341A2                    JUMP say_phoneme[1A2]
 1CF            talkphonemeEY: ; trAY
 1CF  00014                    LOAD s0, phoneme_EY[14]
 1D0  341A2                    JUMP say_phoneme[1A2]
 1D1            talkphonemeFF: ; Food
 1D1  00028                    LOAD s0, phoneme_FF[28]          ; usually double for initial
 1D2  341A2                    JUMP say_phoneme[1A2]
 1D3           talkphonemeGG1: ; Guest
 1D3  00024                    LOAD s0, phoneme_GG1[24]         ; usually preceed with 10-30 mS silence
 1D4  341A2                    JUMP say_phoneme[1A2]
 1D5           talkphonemeGG2: ; Got
 1D5  0003D                    LOAD s0, phoneme_GG2[3D]         ; usually preceed with 10-30 mS silence
 1D6  341A2                    JUMP say_phoneme[1A2]
 1D7           talkphonemeGG3: ; peG
 1D7  00022                    LOAD s0, phoneme_GG3[22]         ; usually preceed with 10-30 mS silence
 1D8  341A2                    JUMP say_phoneme[1A2]
 1D9           talkphonemeHH1: ; He
 1D9  0001B                    LOAD s0, phoneme_HH1[1B]         ; usually double for initial
 1DA  341A2                    JUMP say_phoneme[1A2]
 1DB           talkphonemeHH2: ; Hoe
 1DB  00039                    LOAD s0, phoneme_HH2[39]         ; usually double for initial
 1DC  341A2                    JUMP say_phoneme[1A2]
 1DD            talkphonemeIH: ; sIt
 1DD  0000C                    LOAD s0, phoneme_IH[0C]          ; can be doubled
 1DE  341A2                    JUMP say_phoneme[1A2]
 1DF            talkphonemeIY: ; sEE
 1DF  00013                    LOAD s0, phoneme_IY[13]
 1E0  341A2                    JUMP say_phoneme[1A2]
 1E1            talkphonemeJH: ; JudGe
 1E1  0000A                    LOAD s0, phoneme_JH[0A]
 1E2  341A2                    JUMP say_phoneme[1A2]
 1E3           talkphonemeKK1: ; Can't
 1E3  0002A                    LOAD s0, phoneme_KK1[2A]         ; usually preceed with 50-80 mS silence
 1E4  341A2                    JUMP say_phoneme[1A2]
 1E5           talkphonemeKK2: ; speaK
 1E5  00029                    LOAD s0, phoneme_KK2[29]         ; usually preceed with 50-80 mS silence
 1E6  341A2                    JUMP say_phoneme[1A2]
 1E7           talkphonemeKK3: ; Crane
 1E7  00008                    LOAD s0, phoneme_KK3[08]         ; usually preceed with 50-80 mS silence
 1E8  341A2                    JUMP say_phoneme[1A2]
 1E9            talkphonemeLL: ; Like
 1E9  0002D                    LOAD s0, phoneme_LL[2D]
 1EA  341A2                    JUMP say_phoneme[1A2]
 1EB            talkphonemeMM: ; Milk
 1EB  00010                    LOAD s0, phoneme_MM[10]
 1EC  341A2                    JUMP say_phoneme[1A2]
 1ED            talkphonemeNG: ; aNGer
 1ED  0002C                    LOAD s0, phoneme_NG[2C]
 1EE  341A2                    JUMP say_phoneme[1A2]
 1EF           talkphonemeNN1: ; thiN
 1EF  0000B                    LOAD s0, phoneme_NN1[0B]
 1F0  341A2                    JUMP say_phoneme[1A2]
 1F1           talkphonemeNN2: ; No
 1F1  00038                    LOAD s0, phoneme_NN2[38]
 1F2  341A2                    JUMP say_phoneme[1A2]
 1F3            talkphonemeOR: ; fORtune
 1F3  0003A                    LOAD s0, phoneme_OR[3A]
 1F4  341A2                    JUMP say_phoneme[1A2]
 1F5            talkphonemeOW: ; zOne
 1F5  00035                    LOAD s0, phoneme_OW[35]
 1F6  341A2                    JUMP say_phoneme[1A2]
 1F7            talkphonemeOY: ; vOIce
 1F7  00005                    LOAD s0, phoneme_OY[05]
 1F8  341A2                    JUMP say_phoneme[1A2]
 1F9            talkphonemePP: ; Pow
 1F9  00009                    LOAD s0, phoneme_PP[09]          ; usually preceed with 50-80 mS silence
 1FA  341A2                    JUMP say_phoneme[1A2]
 1FB           talkphonemeRR1: ; Read
 1FB  0000E                    LOAD s0, phoneme_RR1[0E]
 1FC  341A2                    JUMP say_phoneme[1A2]
 1FD           talkphonemeRR2: ; cRane
 1FD  00027                    LOAD s0, phoneme_RR2[27]
 1FE  341A2                    JUMP say_phoneme[1A2]
 1FF            talkphonemeSH: ; SHip
 1FF  00025                    LOAD s0, phoneme_SH[25]          ; usually double for initial
 200  341A2                    JUMP say_phoneme[1A2]
 201            talkphonemeSS: ; veSt
 201  00037                    LOAD s0, phoneme_SS[37]          ; usually double for initial
 202  341A2                    JUMP say_phoneme[1A2]
 203            talkphonemeTH: ; THin
 203  0001D                    LOAD s0, phoneme_TH[1D]          ; usually double for initial
 204  341A2                    JUMP say_phoneme[1A2]
 205           talkphonemeTT1: ; parTs
 205  00011                    LOAD s0, phoneme_TT1[11]         ; usually preceed with 50-80 mS silence
 206  341A2                    JUMP say_phoneme[1A2]
 207           talkphonemeTT2: ; To
 207  0000D                    LOAD s0, phoneme_TT2[0D]         ; usually preceed with 50-80 mS silence
 208  341A2                    JUMP say_phoneme[1A2]
 209            talkphonemeUH: ; bOOk
 209  0001E                    LOAD s0, phoneme_UH[1E]          ; may be doubled
 20A  341A2                    JUMP say_phoneme[1A2]
 20B           talkphonemeUW1: ; tO
 20B  00016                    LOAD s0, phoneme_UW1[16]
 20C  341A2                    JUMP say_phoneme[1A2]
 20D           talkphonemeUW2: ; fOOd
 20D  0001F                    LOAD s0, phoneme_UW2[1F]
 20E  341A2                    JUMP say_phoneme[1A2]
 20F            talkphonemeVV: ; Vest
 20F  00023                    LOAD s0, phoneme_VV[23]
 210  341A2                    JUMP say_phoneme[1A2]
 211            talkphonemeWH: ; WHig
 211  00030                    LOAD s0, phoneme_WH[30]          ; usually double for initial
 212  341A2                    JUMP say_phoneme[1A2]
 213            talkphonemeWW: ; We
 213  0002E                    LOAD s0, phoneme_WW[2E]
 214  341A2                    JUMP say_phoneme[1A2]
 215            talkphonemeXR: ; stARs
 215  0002F                    LOAD s0, phoneme_XR[2F]
 216  341A2                    JUMP say_phoneme[1A2]
 217            talkphonemeYR: ; hEAr
 217  0003C                    LOAD s0, phoneme_YR[3C]
 218  341A2                    JUMP say_phoneme[1A2]
 219           talkphonemeYY1: ; cUte
 219  00031                    LOAD s0, phoneme_YY1[31]
 21A  341A2                    JUMP say_phoneme[1A2]
 21B           talkphonemeYY2: ; Yes
 21B  00019                    LOAD s0, phoneme_YY2[19]
 21C  341A2                    JUMP say_phoneme[1A2]
 21D            talkphonemeZH: ; pleaSure
 21D  00026                    LOAD s0, phoneme_ZH[26]
 21E  341A2                    JUMP say_phoneme[1A2]
 21F            talkphonemeZZ: ; Zoo
 21F  0002B                    LOAD s0, phoneme_ZZ[2B]
 220  341A2                    JUMP say_phoneme[1A2]
 221           talkphonemePA1: ; 10 mS silence
 221  00000                    LOAD s0, phoneme_PA1[00]
 222  341A2                    JUMP say_phoneme[1A2]
 223           talkphonemePA2: ; 30 mS silence
 223  00001                    LOAD s0, phoneme_PA2[01]
 224  341A2                    JUMP say_phoneme[1A2]
 225           talkphonemePA3: ; 50 mS silence
 225  00002                    LOAD s0, phoneme_PA3[02]
 226  341A2                    JUMP say_phoneme[1A2]
 227           talkphonemePA4: ; 100 mS silence
 227  00003                    LOAD s0, phoneme_PA4[03]
 228  341A2                    JUMP say_phoneme[1A2]
 229           talkphonemePA5: ; 200 mS silence
 229  00004                    LOAD s0, phoneme_PA5[04]
 22A  341A2                    JUMP say_phoneme[1A2]
 22B           talkphonemePA6: ; 500 mS silence
 22B  30229                    CALL talkphonemePA5[229]
 22C  30229                    CALL talkphonemePA5[229]
 22D  30227                    CALL talkphonemePA4[227]
 22E  341A2                    JUMP say_phoneme[1A2]
